{"meta": {"format": 3, "version": "7.10.7", "timestamp": "2025-11-13T12:42:32.926496", "branch_coverage": false, "show_contexts": false}, "files": {"gov_uk_mcp/__init__.py": {"executed_lines": [1, 3], "summary": {"covered_lines": 1, "num_statements": 1, "percent_covered": 100.0, "percent_covered_display": "100", "missing_lines": 0, "excluded_lines": 0}, "missing_lines": [], "excluded_lines": [], "functions": {"": {"executed_lines": [1, 3], "summary": {"covered_lines": 1, "num_statements": 1, "percent_covered": 100.0, "percent_covered_display": "100", "missing_lines": 0, "excluded_lines": 0}, "missing_lines": [], "excluded_lines": []}}, "classes": {"": {"executed_lines": [1, 3], "summary": {"covered_lines": 1, "num_statements": 1, "percent_covered": 100.0, "percent_covered_display": "100", "missing_lines": 0, "excluded_lines": 0}, "missing_lines": [], "excluded_lines": []}}}, "gov_uk_mcp/rate_limiter.py": {"executed_lines": [1, 11, 12, 13, 14, 15, 16, 19, 20, 21, 34, 35, 36, 37, 38, 40, 45, 46, 49, 50, 51, 53, 65, 66, 68, 69, 70, 72, 73, 74, 77, 78, 79, 80, 82, 90, 91, 92, 93, 94, 97, 98, 115, 122, 124, 125, 127, 138, 139, 141, 142, 148, 152, 158, 160, 181, 182, 184, 186, 192, 193, 195, 197, 209, 210, 212, 213, 219, 220, 222, 228, 234, 235, 236, 237, 238, 239, 240, 243, 244, 245, 246, 250, 253, 277, 278, 280, 281, 282, 284, 286, 288, 289, 291, 301, 304, 305, 311, 313, 314, 317, 323, 328, 334, 337, 343, 346, 352, 355, 364], "summary": {"covered_lines": 107, "num_statements": 107, "percent_covered": 100.0, "percent_covered_display": "100", "missing_lines": 0, "excluded_lines": 2}, "missing_lines": [], "excluded_lines": [98, 258], "functions": {"TokenBucket._refill": {"executed_lines": [45, 46, 49, 50, 51], "summary": {"covered_lines": 5, "num_statements": 5, "percent_covered": 100.0, "percent_covered_display": "100", "missing_lines": 0, "excluded_lines": 0}, "missing_lines": [], "excluded_lines": []}, "TokenBucket.consume": {"executed_lines": [65, 66, 68, 69, 70, 72, 73, 74, 77, 78, 79, 80], "summary": {"covered_lines": 12, "num_statements": 12, "percent_covered": 100.0, "percent_covered_display": "100", "missing_lines": 0, "excluded_lines": 0}, "missing_lines": [], "excluded_lines": []}, "TokenBucket.peek": {"executed_lines": [90, 91, 92, 93, 94], "summary": {"covered_lines": 5, "num_statements": 5, "percent_covered": 100.0, "percent_covered_display": "100", "missing_lines": 0, "excluded_lines": 0}, "missing_lines": [], "excluded_lines": []}, "RateLimiter.__init__": {"executed_lines": [124, 125], "summary": {"covered_lines": 2, "num_statements": 2, "percent_covered": 100.0, "percent_covered_display": "100", "missing_lines": 0, "excluded_lines": 0}, "missing_lines": [], "excluded_lines": []}, "RateLimiter._get_bucket": {"executed_lines": [138, 139, 141, 142, 148, 152, 158], "summary": {"covered_lines": 7, "num_statements": 7, "percent_covered": 100.0, "percent_covered_display": "100", "missing_lines": 0, "excluded_lines": 0}, "missing_lines": [], "excluded_lines": []}, "RateLimiter.check_limit": {"executed_lines": [181, 182, 184, 186, 192, 193, 195], "summary": {"covered_lines": 7, "num_statements": 7, "percent_covered": 100.0, "percent_covered_display": "100", "missing_lines": 0, "excluded_lines": 0}, "missing_lines": [], "excluded_lines": []}, "RateLimiter.get_status": {"executed_lines": [209, 210, 212, 213, 219, 220, 222], "summary": {"covered_lines": 7, "num_statements": 7, "percent_covered": 100.0, "percent_covered_display": "100", "missing_lines": 0, "excluded_lines": 0}, "missing_lines": [], "excluded_lines": []}, "RateLimiter.reset": {"executed_lines": [234, 235, 236, 237, 238, 239, 240, 243, 244, 245, 246], "summary": {"covered_lines": 11, "num_statements": 11, "percent_covered": 100.0, "percent_covered_display": "100", "missing_lines": 0, "excluded_lines": 0}, "missing_lines": [], "excluded_lines": []}, "rate_limit": {"executed_lines": [277, 278, 280, 281, 314], "summary": {"covered_lines": 5, "num_statements": 5, "percent_covered": 100.0, "percent_covered_display": "100", "missing_lines": 0, "excluded_lines": 1}, "missing_lines": [], "excluded_lines": [258]}, "rate_limit.decorator": {"executed_lines": [282, 313], "summary": {"covered_lines": 2, "num_statements": 2, "percent_covered": 100.0, "percent_covered_display": "100", "missing_lines": 0, "excluded_lines": 0}, "missing_lines": [], "excluded_lines": []}, "rate_limit.decorator.wrapper": {"executed_lines": [284, 286, 288, 289, 291, 301, 304, 305, 311], "summary": {"covered_lines": 9, "num_statements": 9, "percent_covered": 100.0, "percent_covered_display": "100", "missing_lines": 0, "excluded_lines": 0}, "missing_lines": [], "excluded_lines": []}, "get_limiter": {"executed_lines": [323], "summary": {"covered_lines": 1, "num_statements": 1, "percent_covered": 100.0, "percent_covered_display": "100", "missing_lines": 0, "excluded_lines": 0}, "missing_lines": [], "excluded_lines": []}, "check_mot_limit": {"executed_lines": [334], "summary": {"covered_lines": 1, "num_statements": 1, "percent_covered": 100.0, "percent_covered_display": "100", "missing_lines": 0, "excluded_lines": 0}, "missing_lines": [], "excluded_lines": []}, "check_companies_house_limit": {"executed_lines": [343], "summary": {"covered_lines": 1, "num_statements": 1, "percent_covered": 100.0, "percent_covered_display": "100", "missing_lines": 0, "excluded_lines": 0}, "missing_lines": [], "excluded_lines": []}, "check_tfl_limit": {"executed_lines": [352], "summary": {"covered_lines": 1, "num_statements": 1, "percent_covered": 100.0, "percent_covered_display": "100", "missing_lines": 0, "excluded_lines": 0}, "missing_lines": [], "excluded_lines": []}, "check_default_limit": {"executed_lines": [364], "summary": {"covered_lines": 1, "num_statements": 1, "percent_covered": 100.0, "percent_covered_display": "100", "missing_lines": 0, "excluded_lines": 0}, "missing_lines": [], "excluded_lines": []}, "": {"executed_lines": [1, 11, 12, 13, 14, 15, 16, 19, 20, 21, 34, 35, 36, 37, 38, 40, 53, 82, 97, 98, 115, 122, 127, 160, 197, 228, 250, 253, 317, 328, 337, 346, 355], "summary": {"covered_lines": 30, "num_statements": 30, "percent_covered": 100.0, "percent_covered_display": "100", "missing_lines": 0, "excluded_lines": 1}, "missing_lines": [], "excluded_lines": [98]}}, "classes": {"TokenBucket": {"executed_lines": [45, 46, 49, 50, 51, 65, 66, 68, 69, 70, 72, 73, 74, 77, 78, 79, 80, 90, 91, 92, 93, 94], "summary": {"covered_lines": 22, "num_statements": 22, "percent_covered": 100.0, "percent_covered_display": "100", "missing_lines": 0, "excluded_lines": 0}, "missing_lines": [], "excluded_lines": []}, "RateLimiter": {"executed_lines": [124, 125, 138, 139, 141, 142, 148, 152, 158, 181, 182, 184, 186, 192, 193, 195, 209, 210, 212, 213, 219, 220, 222, 234, 235, 236, 237, 238, 239, 240, 243, 244, 245, 246], "summary": {"covered_lines": 34, "num_statements": 34, "percent_covered": 100.0, "percent_covered_display": "100", "missing_lines": 0, "excluded_lines": 0}, "missing_lines": [], "excluded_lines": []}, "": {"executed_lines": [1, 11, 12, 13, 14, 15, 16, 19, 20, 21, 34, 35, 36, 37, 38, 40, 53, 82, 97, 98, 115, 122, 127, 160, 197, 228, 250, 253, 277, 278, 280, 281, 282, 284, 286, 288, 289, 291, 301, 304, 305, 311, 313, 314, 317, 323, 328, 334, 337, 343, 346, 352, 355, 364], "summary": {"covered_lines": 51, "num_statements": 51, "percent_covered": 100.0, "percent_covered_display": "100", "missing_lines": 0, "excluded_lines": 2}, "missing_lines": [], "excluded_lines": [98, 258]}}}, "gov_uk_mcp/registry.py": {"executed_lines": [1, 2, 3, 6, 7, 9, 11, 12, 33, 34, 39, 40, 42, 43, 52, 53, 55, 56, 62, 71, 72, 78, 80, 81, 83], "summary": {"covered_lines": 23, "num_statements": 23, "percent_covered": 100.0, "percent_covered_display": "100", "missing_lines": 0, "excluded_lines": 1}, "missing_lines": [], "excluded_lines": [13], "functions": {"ToolRegistry.register": {"executed_lines": [33, 40], "summary": {"covered_lines": 2, "num_statements": 2, "percent_covered": 100.0, "percent_covered_display": "100", "missing_lines": 0, "excluded_lines": 1}, "missing_lines": [], "excluded_lines": [13]}, "ToolRegistry.register.decorator": {"executed_lines": [34, 39], "summary": {"covered_lines": 2, "num_statements": 2, "percent_covered": 100.0, "percent_covered_display": "100", "missing_lines": 0, "excluded_lines": 0}, "missing_lines": [], "excluded_lines": []}, "ToolRegistry.get_handler": {"executed_lines": [52, 53], "summary": {"covered_lines": 2, "num_statements": 2, "percent_covered": 100.0, "percent_covered_display": "100", "missing_lines": 0, "excluded_lines": 0}, "missing_lines": [], "excluded_lines": []}, "ToolRegistry.list_tools": {"executed_lines": [62], "summary": {"covered_lines": 1, "num_statements": 1, "percent_covered": 100.0, "percent_covered_display": "100", "missing_lines": 0, "excluded_lines": 0}, "missing_lines": [], "excluded_lines": []}, "ToolRegistry.get_tool_names": {"executed_lines": [78], "summary": {"covered_lines": 1, "num_statements": 1, "percent_covered": 100.0, "percent_covered_display": "100", "missing_lines": 0, "excluded_lines": 0}, "missing_lines": [], "excluded_lines": []}, "ToolRegistry.clear": {"executed_lines": [83], "summary": {"covered_lines": 1, "num_statements": 1, "percent_covered": 100.0, "percent_covered_display": "100", "missing_lines": 0, "excluded_lines": 0}, "missing_lines": [], "excluded_lines": []}, "": {"executed_lines": [1, 2, 3, 6, 7, 9, 11, 12, 42, 43, 55, 56, 71, 72, 80, 81], "summary": {"covered_lines": 14, "num_statements": 14, "percent_covered": 100.0, "percent_covered_display": "100", "missing_lines": 0, "excluded_lines": 0}, "missing_lines": [], "excluded_lines": []}}, "classes": {"ToolRegistry": {"executed_lines": [33, 34, 39, 40, 52, 53, 62, 78, 83], "summary": {"covered_lines": 9, "num_statements": 9, "percent_covered": 100.0, "percent_covered_display": "100", "missing_lines": 0, "excluded_lines": 1}, "missing_lines": [], "excluded_lines": [13]}, "": {"executed_lines": [1, 2, 3, 6, 7, 9, 11, 12, 42, 43, 55, 56, 71, 72, 80, 81], "summary": {"covered_lines": 14, "num_statements": 14, "percent_covered": 100.0, "percent_covered_display": "100", "missing_lines": 0, "excluded_lines": 0}, "missing_lines": [], "excluded_lines": []}}}, "gov_uk_mcp/server.py": {"executed_lines": [], "summary": {"covered_lines": 0, "num_statements": 47, "percent_covered": 0.0, "percent_covered_display": "0", "missing_lines": 47, "excluded_lines": 0}, "missing_lines": [2, 3, 4, 5, 7, 8, 10, 11, 14, 15, 17, 19, 22, 23, 25, 29, 546, 547, 549, 551, 553, 555, 556, 557, 560, 562, 564, 565, 566, 569, 570, 571, 572, 575, 578, 580, 582, 583, 584, 585, 590, 591, 592, 593, 594, 597, 598], "excluded_lines": [], "functions": {"list_tools": {"executed_lines": [], "summary": {"covered_lines": 0, "num_statements": 1, "percent_covered": 0.0, "percent_covered_display": "0", "missing_lines": 1, "excluded_lines": 0}, "missing_lines": [25], "excluded_lines": []}, "call_tool": {"executed_lines": [], "summary": {"covered_lines": 0, "num_statements": 16, "percent_covered": 0.0, "percent_covered_display": "0", "missing_lines": 16, "excluded_lines": 0}, "missing_lines": [549, 551, 553, 555, 556, 557, 560, 562, 564, 565, 566, 569, 570, 571, 572, 575], "excluded_lines": []}, "main": {"executed_lines": [], "summary": {"covered_lines": 0, "num_statements": 10, "percent_covered": 0.0, "percent_covered_display": "0", "missing_lines": 10, "excluded_lines": 0}, "missing_lines": [580, 582, 583, 584, 585, 590, 591, 592, 593, 594], "excluded_lines": []}, "": {"executed_lines": [], "summary": {"covered_lines": 0, "num_statements": 20, "percent_covered": 0.0, "percent_covered_display": "0", "missing_lines": 20, "excluded_lines": 0}, "missing_lines": [2, 3, 4, 5, 7, 8, 10, 11, 14, 15, 17, 19, 22, 23, 29, 546, 547, 578, 597, 598], "excluded_lines": []}}, "classes": {"": {"executed_lines": [], "summary": {"covered_lines": 0, "num_statements": 47, "percent_covered": 0.0, "percent_covered_display": "0", "missing_lines": 47, "excluded_lines": 0}, "missing_lines": [2, 3, 4, 5, 7, 8, 10, 11, 14, 15, 17, 19, 22, 23, 25, 29, 546, 547, 549, 551, 553, 555, 556, 557, 560, 562, 564, 565, 566, 569, 570, 571, 572, 575, 578, 580, 582, 583, 584, 585, 590, 591, 592, 593, 594, 597, 598], "excluded_lines": []}}}, "gov_uk_mcp/tool_definitions.py": {"executed_lines": [], "summary": {"covered_lines": 0, "num_statements": 48, "percent_covered": 0.0, "percent_covered_display": "0", "missing_lines": 48, "excluded_lines": 0}, "missing_lines": [2, 5, 11, 12, 13, 14, 15, 16, 17, 18, 19, 20, 21, 22, 23, 24, 25, 26, 27, 31, 51, 66, 81, 101, 116, 136, 158, 173, 193, 211, 226, 241, 259, 274, 289, 304, 319, 334, 343, 358, 378, 396, 411, 426, 453, 477, 497, 525], "excluded_lines": [], "functions": {"": {"executed_lines": [], "summary": {"covered_lines": 0, "num_statements": 48, "percent_covered": 0.0, "percent_covered_display": "0", "missing_lines": 48, "excluded_lines": 0}, "missing_lines": [2, 5, 11, 12, 13, 14, 15, 16, 17, 18, 19, 20, 21, 22, 23, 24, 25, 26, 27, 31, 51, 66, 81, 101, 116, 136, 158, 173, 193, 211, 226, 241, 259, 274, 289, 304, 319, 334, 343, 358, 378, 396, 411, 426, 453, 477, 497, 525], "excluded_lines": []}}, "classes": {"": {"executed_lines": [], "summary": {"covered_lines": 0, "num_statements": 48, "percent_covered": 0.0, "percent_covered_display": "0", "missing_lines": 48, "excluded_lines": 0}, "missing_lines": [2, 5, 11, 12, 13, 14, 15, 16, 17, 18, 19, 20, 21, 22, 23, 24, 25, 26, 27, 31, 51, 66, 81, 101, 116, 136, 158, 173, 193, 211, 226, 241, 259, 274, 289, 304, 319, 334, 343, 358, 378, 396, 411, 426, 453, 477, 497, 525], "excluded_lines": []}}}, "gov_uk_mcp/tools/__init__.py": {"executed_lines": [1], "summary": {"covered_lines": 0, "num_statements": 0, "percent_covered": 100.0, "percent_covered_display": "100", "missing_lines": 0, "excluded_lines": 0}, "missing_lines": [], "excluded_lines": [], "functions": {"": {"executed_lines": [1], "summary": {"covered_lines": 0, "num_statements": 0, "percent_covered": 100.0, "percent_covered_display": "100", "missing_lines": 0, "excluded_lines": 0}, "missing_lines": [], "excluded_lines": []}}, "classes": {"": {"executed_lines": [1], "summary": {"covered_lines": 0, "num_statements": 0, "percent_covered": 100.0, "percent_covered_display": "100", "missing_lines": 0, "excluded_lines": 0}, "missing_lines": [], "excluded_lines": []}}}, "gov_uk_mcp/tools/air_quality.py": {"executed_lines": [], "summary": {"covered_lines": 0, "num_statements": 6, "percent_covered": 0.0, "percent_covered_display": "0", "missing_lines": 6, "excluded_lines": 0}, "missing_lines": [2, 3, 6, 12, 21, 26], "excluded_lines": [], "functions": {"get_air_quality": {"executed_lines": [], "summary": {"covered_lines": 0, "num_statements": 1, "percent_covered": 0.0, "percent_covered_display": "0", "missing_lines": 1, "excluded_lines": 0}, "missing_lines": [12], "excluded_lines": []}, "get_air_quality_forecast": {"executed_lines": [], "summary": {"covered_lines": 0, "num_statements": 1, "percent_covered": 0.0, "percent_covered_display": "0", "missing_lines": 1, "excluded_lines": 0}, "missing_lines": [26], "excluded_lines": []}, "": {"executed_lines": [], "summary": {"covered_lines": 0, "num_statements": 4, "percent_covered": 0.0, "percent_covered_display": "0", "missing_lines": 4, "excluded_lines": 0}, "missing_lines": [2, 3, 6, 21], "excluded_lines": []}}, "classes": {"": {"executed_lines": [], "summary": {"covered_lines": 0, "num_statements": 6, "percent_covered": 0.0, "percent_covered_display": "0", "missing_lines": 6, "excluded_lines": 0}, "missing_lines": [2, 3, 6, 12, 21, 26], "excluded_lines": []}}}, "gov_uk_mcp/tools/bank_holidays.py": {"executed_lines": [], "summary": {"covered_lines": 0, "num_statements": 27, "percent_covered": 0.0, "percent_covered_display": "0", "missing_lines": 27, "excluded_lines": 0}, "missing_lines": [2, 3, 4, 7, 10, 16, 17, 18, 19, 21, 23, 24, 25, 26, 28, 31, 36, 44, 45, 46, 47, 51, 56, 57, 59, 61, 62], "excluded_lines": [], "functions": {"get_bank_holidays": {"executed_lines": [], "summary": {"covered_lines": 0, "num_statements": 22, "percent_covered": 0.0, "percent_covered_display": "0", "missing_lines": 22, "excluded_lines": 0}, "missing_lines": [16, 17, 18, 19, 21, 23, 24, 25, 26, 28, 31, 36, 44, 45, 46, 47, 51, 56, 57, 59, 61, 62], "excluded_lines": []}, "": {"executed_lines": [], "summary": {"covered_lines": 0, "num_statements": 5, "percent_covered": 0.0, "percent_covered_display": "0", "missing_lines": 5, "excluded_lines": 0}, "missing_lines": [2, 3, 4, 7, 10], "excluded_lines": []}}, "classes": {"": {"executed_lines": [], "summary": {"covered_lines": 0, "num_statements": 27, "percent_covered": 0.0, "percent_covered_display": "0", "missing_lines": 27, "excluded_lines": 0}, "missing_lines": [2, 3, 4, 7, 10, 16, 17, 18, 19, 21, 23, 24, 25, 26, 28, 31, 36, 44, 45, 46, 47, 51, 56, 57, 59, 61, 62], "excluded_lines": []}}}, "gov_uk_mcp/tools/charity.py": {"executed_lines": [], "summary": {"covered_lines": 0, "num_statements": 28, "percent_covered": 0.0, "percent_covered_display": "0", "missing_lines": 28, "excluded_lines": 0}, "missing_lines": [2, 3, 4, 7, 10, 12, 13, 18, 19, 21, 23, 24, 26, 27, 28, 37, 45, 46, 49, 51, 52, 57, 58, 60, 61, 63, 79, 80], "excluded_lines": [], "functions": {"search_charities": {"executed_lines": [], "summary": {"covered_lines": 0, "num_statements": 13, "percent_covered": 0.0, "percent_covered_display": "0", "missing_lines": 13, "excluded_lines": 0}, "missing_lines": [12, 13, 18, 19, 21, 23, 24, 26, 27, 28, 37, 45, 46], "excluded_lines": []}, "get_charity": {"executed_lines": [], "summary": {"covered_lines": 0, "num_statements": 9, "percent_covered": 0.0, "percent_covered_display": "0", "missing_lines": 9, "excluded_lines": 0}, "missing_lines": [51, 52, 57, 58, 60, 61, 63, 79, 80], "excluded_lines": []}, "": {"executed_lines": [], "summary": {"covered_lines": 0, "num_statements": 6, "percent_covered": 0.0, "percent_covered_display": "0", "missing_lines": 6, "excluded_lines": 0}, "missing_lines": [2, 3, 4, 7, 10, 49], "excluded_lines": []}}, "classes": {"": {"executed_lines": [], "summary": {"covered_lines": 0, "num_statements": 28, "percent_covered": 0.0, "percent_covered_display": "0", "missing_lines": 28, "excluded_lines": 0}, "missing_lines": [2, 3, 4, 7, 10, 12, 13, 18, 19, 21, 23, 24, 26, 27, 28, 37, 45, 46, 49, 51, 52, 57, 58, 60, 61, 63, 79, 80], "excluded_lines": []}}}, "gov_uk_mcp/tools/companies_house.py": {"executed_lines": [1, 2, 3, 4, 5, 8, 11, 13, 14, 15, 16, 19, 21, 22, 23, 25, 26, 33, 34, 36, 37, 38, 53, 60, 61, 64, 66, 67, 68, 70, 71, 72, 73, 75, 76, 82, 83, 85, 86, 88, 105, 107, 108, 111, 113, 114, 115, 117, 118, 119, 120, 122, 123, 129, 130, 132, 133, 135, 136, 137, 148, 162, 164, 165, 166, 168, 169, 170, 171, 173, 174, 181, 182, 184, 185, 187, 188, 189, 197, 205, 206], "summary": {"covered_lines": 80, "num_statements": 82, "percent_covered": 97.5609756097561, "percent_covered_display": "98", "missing_lines": 2, "excluded_lines": 0}, "missing_lines": [158, 159], "excluded_lines": [], "functions": {"_get_auth": {"executed_lines": [13, 14, 15, 16], "summary": {"covered_lines": 4, "num_statements": 4, "percent_covered": 100.0, "percent_covered_display": "100", "missing_lines": 0, "excluded_lines": 0}, "missing_lines": [], "excluded_lines": []}, "search_companies": {"executed_lines": [21, 22, 23, 25, 26, 33, 34, 36, 37, 38, 53, 60, 61], "summary": {"covered_lines": 13, "num_statements": 13, "percent_covered": 100.0, "percent_covered_display": "100", "missing_lines": 0, "excluded_lines": 0}, "missing_lines": [], "excluded_lines": []}, "get_company": {"executed_lines": [66, 67, 68, 70, 71, 72, 73, 75, 76, 82, 83, 85, 86, 88, 105, 107, 108], "summary": {"covered_lines": 17, "num_statements": 17, "percent_covered": 100.0, "percent_covered_display": "100", "missing_lines": 0, "excluded_lines": 0}, "missing_lines": [], "excluded_lines": []}, "get_company_officers": {"executed_lines": [113, 114, 115, 117, 118, 119, 120, 122, 123, 129, 130, 132, 133, 135, 136, 137, 148], "summary": {"covered_lines": 17, "num_statements": 19, "percent_covered": 89.47368421052632, "percent_covered_display": "89", "missing_lines": 2, "excluded_lines": 0}, "missing_lines": [158, 159], "excluded_lines": []}, "get_company_filing_history": {"executed_lines": [164, 165, 166, 168, 169, 170, 171, 173, 174, 181, 182, 184, 185, 187, 188, 189, 197, 205, 206], "summary": {"covered_lines": 19, "num_statements": 19, "percent_covered": 100.0, "percent_covered_display": "100", "missing_lines": 0, "excluded_lines": 0}, "missing_lines": [], "excluded_lines": []}, "": {"executed_lines": [1, 2, 3, 4, 5, 8, 11, 19, 64, 111, 162], "summary": {"covered_lines": 10, "num_statements": 10, "percent_covered": 100.0, "percent_covered_display": "100", "missing_lines": 0, "excluded_lines": 0}, "missing_lines": [], "excluded_lines": []}}, "classes": {"": {"executed_lines": [1, 2, 3, 4, 5, 8, 11, 13, 14, 15, 16, 19, 21, 22, 23, 25, 26, 33, 34, 36, 37, 38, 53, 60, 61, 64, 66, 67, 68, 70, 71, 72, 73, 75, 76, 82, 83, 85, 86, 88, 105, 107, 108, 111, 113, 114, 115, 117, 118, 119, 120, 122, 123, 129, 130, 132, 133, 135, 136, 137, 148, 162, 164, 165, 166, 168, 169, 170, 171, 173, 174, 181, 182, 184, 185, 187, 188, 189, 197, 205, 206], "summary": {"covered_lines": 80, "num_statements": 82, "percent_covered": 97.5609756097561, "percent_covered_display": "98", "missing_lines": 2, "excluded_lines": 0}, "missing_lines": [158, 159], "excluded_lines": []}}}, "gov_uk_mcp/tools/courts.py": {"executed_lines": [], "summary": {"covered_lines": 0, "num_statements": 35, "percent_covered": 0.0, "percent_covered_display": "0", "missing_lines": 35, "excluded_lines": 0}, "missing_lines": [2, 3, 4, 7, 10, 12, 13, 15, 16, 17, 18, 19, 20, 22, 27, 28, 30, 32, 33, 35, 36, 37, 48, 56, 57, 60, 62, 63, 68, 69, 71, 72, 74, 91, 92], "excluded_lines": [], "functions": {"find_courts": {"executed_lines": [], "summary": {"covered_lines": 0, "num_statements": 20, "percent_covered": 0.0, "percent_covered_display": "0", "missing_lines": 20, "excluded_lines": 0}, "missing_lines": [12, 13, 15, 16, 17, 18, 19, 20, 22, 27, 28, 30, 32, 33, 35, 36, 37, 48, 56, 57], "excluded_lines": []}, "get_court_details": {"executed_lines": [], "summary": {"covered_lines": 0, "num_statements": 9, "percent_covered": 0.0, "percent_covered_display": "0", "missing_lines": 9, "excluded_lines": 0}, "missing_lines": [62, 63, 68, 69, 71, 72, 74, 91, 92], "excluded_lines": []}, "": {"executed_lines": [], "summary": {"covered_lines": 0, "num_statements": 6, "percent_covered": 0.0, "percent_covered_display": "0", "missing_lines": 6, "excluded_lines": 0}, "missing_lines": [2, 3, 4, 7, 10, 60], "excluded_lines": []}}, "classes": {"": {"executed_lines": [], "summary": {"covered_lines": 0, "num_statements": 35, "percent_covered": 0.0, "percent_covered_display": "0", "missing_lines": 35, "excluded_lines": 0}, "missing_lines": [2, 3, 4, 7, 10, 12, 13, 15, 16, 17, 18, 19, 20, 22, 27, 28, 30, 32, 33, 35, 36, 37, 48, 56, 57, 60, 62, 63, 68, 69, 71, 72, 74, 91, 92], "excluded_lines": []}}}, "gov_uk_mcp/tools/cqc.py": {"executed_lines": [], "summary": {"covered_lines": 0, "num_statements": 36, "percent_covered": 0.0, "percent_covered_display": "0", "missing_lines": 36, "excluded_lines": 0}, "missing_lines": [2, 3, 4, 7, 10, 12, 13, 15, 16, 18, 19, 20, 21, 23, 28, 29, 31, 33, 34, 36, 37, 38, 48, 56, 57, 60, 62, 63, 69, 70, 72, 73, 75, 77, 103, 104], "excluded_lines": [], "functions": {"search_cqc_providers": {"executed_lines": [], "summary": {"covered_lines": 0, "num_statements": 20, "percent_covered": 0.0, "percent_covered_display": "0", "missing_lines": 20, "excluded_lines": 0}, "missing_lines": [12, 13, 15, 16, 18, 19, 20, 21, 23, 28, 29, 31, 33, 34, 36, 37, 38, 48, 56, 57], "excluded_lines": []}, "get_cqc_provider": {"executed_lines": [], "summary": {"covered_lines": 0, "num_statements": 10, "percent_covered": 0.0, "percent_covered_display": "0", "missing_lines": 10, "excluded_lines": 0}, "missing_lines": [62, 63, 69, 70, 72, 73, 75, 77, 103, 104], "excluded_lines": []}, "": {"executed_lines": [], "summary": {"covered_lines": 0, "num_statements": 6, "percent_covered": 0.0, "percent_covered_display": "0", "missing_lines": 6, "excluded_lines": 0}, "missing_lines": [2, 3, 4, 7, 10, 60], "excluded_lines": []}}, "classes": {"": {"executed_lines": [], "summary": {"covered_lines": 0, "num_statements": 36, "percent_covered": 0.0, "percent_covered_display": "0", "missing_lines": 36, "excluded_lines": 0}, "missing_lines": [2, 3, 4, 7, 10, 12, 13, 15, 16, 18, 19, 20, 21, 23, 28, 29, 31, 33, 34, 36, 37, 38, 48, 56, 57, 60, 62, 63, 69, 70, 72, 73, 75, 77, 103, 104], "excluded_lines": []}}}, "gov_uk_mcp/tools/epc.py": {"executed_lines": [], "summary": {"covered_lines": 0, "num_statements": 52, "percent_covered": 0.0, "percent_covered_display": "0", "missing_lines": 52, "excluded_lines": 0}, "missing_lines": [2, 3, 4, 5, 6, 9, 12, 19, 20, 21, 23, 26, 28, 29, 30, 32, 33, 35, 36, 37, 39, 40, 48, 49, 51, 52, 54, 55, 56, 58, 59, 60, 76, 84, 85, 88, 90, 91, 92, 94, 95, 102, 103, 105, 106, 108, 109, 110, 112, 114, 127, 128], "excluded_lines": [], "functions": {"_get_auth": {"executed_lines": [], "summary": {"covered_lines": 0, "num_statements": 4, "percent_covered": 0.0, "percent_covered_display": "0", "missing_lines": 4, "excluded_lines": 0}, "missing_lines": [19, 20, 21, 23], "excluded_lines": []}, "search_epc_by_postcode": {"executed_lines": [], "summary": {"covered_lines": 0, "num_statements": 23, "percent_covered": 0.0, "percent_covered_display": "0", "missing_lines": 23, "excluded_lines": 0}, "missing_lines": [28, 29, 30, 32, 33, 35, 36, 37, 39, 40, 48, 49, 51, 52, 54, 55, 56, 58, 59, 60, 76, 84, 85], "excluded_lines": []}, "get_epc_recommendations": {"executed_lines": [], "summary": {"covered_lines": 0, "num_statements": 16, "percent_covered": 0.0, "percent_covered_display": "0", "missing_lines": 16, "excluded_lines": 0}, "missing_lines": [90, 91, 92, 94, 95, 102, 103, 105, 106, 108, 109, 110, 112, 114, 127, 128], "excluded_lines": []}, "": {"executed_lines": [], "summary": {"covered_lines": 0, "num_statements": 9, "percent_covered": 0.0, "percent_covered_display": "0", "missing_lines": 9, "excluded_lines": 0}, "missing_lines": [2, 3, 4, 5, 6, 9, 12, 26, 88], "excluded_lines": []}}, "classes": {"": {"executed_lines": [], "summary": {"covered_lines": 0, "num_statements": 52, "percent_covered": 0.0, "percent_covered_display": "0", "missing_lines": 52, "excluded_lines": 0}, "missing_lines": [2, 3, 4, 5, 6, 9, 12, 19, 20, 21, 23, 26, 28, 29, 30, 32, 33, 35, 36, 37, 39, 40, 48, 49, 51, 52, 54, 55, 56, 58, 59, 60, 76, 84, 85, 88, 90, 91, 92, 94, 95, 102, 103, 105, 106, 108, 109, 110, 112, 114, 127, 128], "excluded_lines": []}}}, "gov_uk_mcp/tools/flood_warnings.py": {"executed_lines": [], "summary": {"covered_lines": 0, "num_statements": 40, "percent_covered": 0.0, "percent_covered_display": "0", "missing_lines": 40, "excluded_lines": 0}, "missing_lines": [2, 3, 4, 7, 10, 12, 14, 18, 19, 21, 23, 24, 27, 28, 29, 30, 32, 33, 34, 35, 36, 38, 39, 41, 42, 43, 53, 60, 61, 64, 66, 67, 72, 73, 75, 76, 77, 84, 90, 91], "excluded_lines": [], "functions": {"get_flood_warnings": {"executed_lines": [], "summary": {"covered_lines": 0, "num_statements": 24, "percent_covered": 0.0, "percent_covered_display": "0", "missing_lines": 24, "excluded_lines": 0}, "missing_lines": [12, 14, 18, 19, 21, 23, 24, 27, 28, 29, 30, 32, 33, 34, 35, 36, 38, 39, 41, 42, 43, 53, 60, 61], "excluded_lines": []}, "get_flood_areas": {"executed_lines": [], "summary": {"covered_lines": 0, "num_statements": 10, "percent_covered": 0.0, "percent_covered_display": "0", "missing_lines": 10, "excluded_lines": 0}, "missing_lines": [66, 67, 72, 73, 75, 76, 77, 84, 90, 91], "excluded_lines": []}, "": {"executed_lines": [], "summary": {"covered_lines": 0, "num_statements": 6, "percent_covered": 0.0, "percent_covered_display": "0", "missing_lines": 6, "excluded_lines": 0}, "missing_lines": [2, 3, 4, 7, 10, 64], "excluded_lines": []}}, "classes": {"": {"executed_lines": [], "summary": {"covered_lines": 0, "num_statements": 40, "percent_covered": 0.0, "percent_covered_display": "0", "missing_lines": 40, "excluded_lines": 0}, "missing_lines": [2, 3, 4, 7, 10, 12, 14, 18, 19, 21, 23, 24, 27, 28, 29, 30, 32, 33, 34, 35, 36, 38, 39, 41, 42, 43, 53, 60, 61, 64, 66, 67, 72, 73, 75, 76, 77, 84, 90, 91], "excluded_lines": []}}}, "gov_uk_mcp/tools/food_hygiene.py": {"executed_lines": [], "summary": {"covered_lines": 0, "num_statements": 27, "percent_covered": 0.0, "percent_covered_display": "0", "missing_lines": 27, "excluded_lines": 0}, "missing_lines": [2, 3, 4, 7, 10, 12, 13, 15, 16, 17, 18, 19, 20, 21, 23, 24, 34, 35, 37, 39, 40, 45, 46, 47, 60, 68, 69], "excluded_lines": [], "functions": {"search_food_establishments": {"executed_lines": [], "summary": {"covered_lines": 0, "num_statements": 22, "percent_covered": 0.0, "percent_covered_display": "0", "missing_lines": 22, "excluded_lines": 0}, "missing_lines": [12, 13, 15, 16, 17, 18, 19, 20, 21, 23, 24, 34, 35, 37, 39, 40, 45, 46, 47, 60, 68, 69], "excluded_lines": []}, "": {"executed_lines": [], "summary": {"covered_lines": 0, "num_statements": 5, "percent_covered": 0.0, "percent_covered_display": "0", "missing_lines": 5, "excluded_lines": 0}, "missing_lines": [2, 3, 4, 7, 10], "excluded_lines": []}}, "classes": {"": {"executed_lines": [], "summary": {"covered_lines": 0, "num_statements": 27, "percent_covered": 0.0, "percent_covered_display": "0", "missing_lines": 27, "excluded_lines": 0}, "missing_lines": [2, 3, 4, 7, 10, 12, 13, 15, 16, 17, 18, 19, 20, 21, 23, 24, 34, 35, 37, 39, 40, 45, 46, 47, 60, 68, 69], "excluded_lines": []}}}, "gov_uk_mcp/tools/hansard.py": {"executed_lines": [], "summary": {"covered_lines": 0, "num_statements": 55, "percent_covered": 0.0, "percent_covered_display": "0", "missing_lines": 55, "excluded_lines": 0}, "missing_lines": [2, 3, 4, 7, 8, 11, 17, 18, 19, 20, 21, 22, 23, 24, 27, 28, 29, 30, 33, 34, 35, 36, 39, 41, 43, 49, 50, 51, 52, 53, 54, 56, 61, 62, 65, 66, 67, 69, 70, 71, 82, 92, 93, 96, 101, 111, 113, 114, 119, 120, 122, 123, 125, 136, 137], "excluded_lines": [], "functions": {"search_hansard": {"executed_lines": [], "summary": {"covered_lines": 0, "num_statements": 16, "percent_covered": 0.0, "percent_covered_display": "0", "missing_lines": 16, "excluded_lines": 0}, "missing_lines": [17, 18, 19, 20, 21, 22, 23, 24, 27, 28, 29, 30, 33, 34, 35, 36], "excluded_lines": []}, "search_modern_hansard": {"executed_lines": [], "summary": {"covered_lines": 0, "num_statements": 20, "percent_covered": 0.0, "percent_covered_display": "0", "missing_lines": 20, "excluded_lines": 0}, "missing_lines": [41, 43, 49, 50, 51, 52, 53, 54, 56, 61, 62, 65, 66, 67, 69, 70, 71, 82, 92, 93], "excluded_lines": []}, "search_historic_hansard": {"executed_lines": [], "summary": {"covered_lines": 0, "num_statements": 1, "percent_covered": 0.0, "percent_covered_display": "0", "missing_lines": 1, "excluded_lines": 0}, "missing_lines": [101], "excluded_lines": []}, "get_debate_by_id": {"executed_lines": [], "summary": {"covered_lines": 0, "num_statements": 9, "percent_covered": 0.0, "percent_covered_display": "0", "missing_lines": 9, "excluded_lines": 0}, "missing_lines": [113, 114, 119, 120, 122, 123, 125, 136, 137], "excluded_lines": []}, "": {"executed_lines": [], "summary": {"covered_lines": 0, "num_statements": 9, "percent_covered": 0.0, "percent_covered_display": "0", "missing_lines": 9, "excluded_lines": 0}, "missing_lines": [2, 3, 4, 7, 8, 11, 39, 96, 111], "excluded_lines": []}}, "classes": {"": {"executed_lines": [], "summary": {"covered_lines": 0, "num_statements": 55, "percent_covered": 0.0, "percent_covered_display": "0", "missing_lines": 55, "excluded_lines": 0}, "missing_lines": [2, 3, 4, 7, 8, 11, 17, 18, 19, 20, 21, 22, 23, 24, 27, 28, 29, 30, 33, 34, 35, 36, 39, 41, 43, 49, 50, 51, 52, 53, 54, 56, 61, 62, 65, 66, 67, 69, 70, 71, 82, 92, 93, 96, 101, 111, 113, 114, 119, 120, 122, 123, 125, 136, 137], "excluded_lines": []}}}, "gov_uk_mcp/tools/legislation.py": {"executed_lines": [], "summary": {"covered_lines": 0, "num_statements": 27, "percent_covered": 0.0, "percent_covered_display": "0", "missing_lines": 27, "excluded_lines": 0}, "missing_lines": [2, 3, 4, 7, 10, 12, 13, 22, 23, 25, 26, 28, 29, 37, 46, 47, 50, 58, 59, 61, 67, 68, 70, 71, 73, 84, 85], "excluded_lines": [], "functions": {"search_legislation": {"executed_lines": [], "summary": {"covered_lines": 0, "num_statements": 11, "percent_covered": 0.0, "percent_covered_display": "0", "missing_lines": 11, "excluded_lines": 0}, "missing_lines": [12, 13, 22, 23, 25, 26, 28, 29, 37, 46, 47], "excluded_lines": []}, "get_legislation": {"executed_lines": [], "summary": {"covered_lines": 0, "num_statements": 10, "percent_covered": 0.0, "percent_covered_display": "0", "missing_lines": 10, "excluded_lines": 0}, "missing_lines": [58, 59, 61, 67, 68, 70, 71, 73, 84, 85], "excluded_lines": []}, "": {"executed_lines": [], "summary": {"covered_lines": 0, "num_statements": 6, "percent_covered": 0.0, "percent_covered_display": "0", "missing_lines": 6, "excluded_lines": 0}, "missing_lines": [2, 3, 4, 7, 10, 50], "excluded_lines": []}}, "classes": {"": {"executed_lines": [], "summary": {"covered_lines": 0, "num_statements": 27, "percent_covered": 0.0, "percent_covered_display": "0", "missing_lines": 27, "excluded_lines": 0}, "missing_lines": [2, 3, 4, 7, 10, 12, 13, 22, 23, 25, 26, 28, 29, 37, 46, 47, 50, 58, 59, 61, 67, 68, 70, 71, 73, 84, 85], "excluded_lines": []}}}, "gov_uk_mcp/tools/mps.py": {"executed_lines": [], "summary": {"covered_lines": 0, "num_statements": 87, "percent_covered": 0.0, "percent_covered_display": "0", "missing_lines": 87, "excluded_lines": 0}, "missing_lines": [2, 3, 4, 5, 8, 11, 13, 15, 16, 19, 21, 22, 27, 28, 30, 31, 33, 34, 36, 38, 39, 42, 45, 46, 47, 48, 51, 52, 57, 58, 60, 61, 62, 64, 67, 77, 78, 80, 81, 82, 84, 86, 88, 89, 90, 91, 94, 95, 100, 101, 103, 104, 106, 107, 108, 109, 111, 112, 114, 121, 122, 125, 127, 140, 142, 143, 148, 149, 151, 152, 153, 155, 170, 171, 174, 176, 177, 182, 183, 185, 186, 188, 189, 190, 199, 206, 207], "excluded_lines": [], "functions": {"looks_like_postcode": {"executed_lines": [], "summary": {"covered_lines": 0, "num_statements": 3, "percent_covered": 0.0, "percent_covered_display": "0", "missing_lines": 3, "excluded_lines": 0}, "missing_lines": [13, 15, 16], "excluded_lines": []}, "get_constituency_from_postcode": {"executed_lines": [], "summary": {"covered_lines": 0, "num_statements": 11, "percent_covered": 0.0, "percent_covered_display": "0", "missing_lines": 11, "excluded_lines": 0}, "missing_lines": [21, 22, 27, 28, 30, 31, 33, 34, 36, 38, 39], "excluded_lines": []}, "find_mp": {"executed_lines": [], "summary": {"covered_lines": 0, "num_statements": 39, "percent_covered": 0.0, "percent_covered_display": "0", "missing_lines": 39, "excluded_lines": 0}, "missing_lines": [45, 46, 47, 48, 51, 52, 57, 58, 60, 61, 62, 64, 67, 77, 78, 80, 81, 82, 84, 86, 88, 89, 90, 91, 94, 95, 100, 101, 103, 104, 106, 107, 108, 109, 111, 112, 114, 121, 122], "excluded_lines": []}, "format_mp_details": {"executed_lines": [], "summary": {"covered_lines": 0, "num_statements": 1, "percent_covered": 0.0, "percent_covered_display": "0", "missing_lines": 1, "excluded_lines": 0}, "missing_lines": [127], "excluded_lines": []}, "get_mp_details": {"executed_lines": [], "summary": {"covered_lines": 0, "num_statements": 10, "percent_covered": 0.0, "percent_covered_display": "0", "missing_lines": 10, "excluded_lines": 0}, "missing_lines": [142, 143, 148, 149, 151, 152, 153, 155, 170, 171], "excluded_lines": []}, "get_mp_contact": {"executed_lines": [], "summary": {"covered_lines": 0, "num_statements": 12, "percent_covered": 0.0, "percent_covered_display": "0", "missing_lines": 12, "excluded_lines": 0}, "missing_lines": [176, 177, 182, 183, 185, 186, 188, 189, 190, 199, 206, 207], "excluded_lines": []}, "": {"executed_lines": [], "summary": {"covered_lines": 0, "num_statements": 11, "percent_covered": 0.0, "percent_covered_display": "0", "missing_lines": 11, "excluded_lines": 0}, "missing_lines": [2, 3, 4, 5, 8, 11, 19, 42, 125, 140, 174], "excluded_lines": []}}, "classes": {"": {"executed_lines": [], "summary": {"covered_lines": 0, "num_statements": 87, "percent_covered": 0.0, "percent_covered_display": "0", "missing_lines": 87, "excluded_lines": 0}, "missing_lines": [2, 3, 4, 5, 8, 11, 13, 15, 16, 19, 21, 22, 27, 28, 30, 31, 33, 34, 36, 38, 39, 42, 45, 46, 47, 48, 51, 52, 57, 58, 60, 61, 62, 64, 67, 77, 78, 80, 81, 82, 84, 86, 88, 89, 90, 91, 94, 95, 100, 101, 103, 104, 106, 107, 108, 109, 111, 112, 114, 121, 122, 125, 127, 140, 142, 143, 148, 149, 151, 152, 153, 155, 170, 171, 174, 176, 177, 182, 183, 185, 186, 188, 189, 190, 199, 206, 207], "excluded_lines": []}}}, "gov_uk_mcp/tools/nhs.py": {"executed_lines": [], "summary": {"covered_lines": 0, "num_statements": 67, "percent_covered": 0.0, "percent_covered_display": "0", "missing_lines": 67, "excluded_lines": 0}, "missing_lines": [2, 3, 4, 8, 11, 14, 15, 20, 21, 23, 24, 26, 27, 29, 30, 31, 34, 46, 47, 49, 50, 51, 60, 68, 69, 72, 74, 75, 80, 81, 83, 84, 86, 87, 89, 90, 91, 93, 105, 106, 108, 109, 110, 119, 127, 128, 131, 133, 134, 139, 140, 142, 143, 145, 146, 148, 149, 150, 152, 164, 165, 167, 168, 169, 178, 186, 187], "excluded_lines": [], "functions": {"find_gp_surgeries": {"executed_lines": [], "summary": {"covered_lines": 0, "num_statements": 20, "percent_covered": 0.0, "percent_covered_display": "0", "missing_lines": 20, "excluded_lines": 0}, "missing_lines": [14, 15, 20, 21, 23, 24, 26, 27, 29, 30, 31, 34, 46, 47, 49, 50, 51, 60, 68, 69], "excluded_lines": []}, "find_hospitals": {"executed_lines": [], "summary": {"covered_lines": 0, "num_statements": 20, "percent_covered": 0.0, "percent_covered_display": "0", "missing_lines": 20, "excluded_lines": 0}, "missing_lines": [74, 75, 80, 81, 83, 84, 86, 87, 89, 90, 91, 93, 105, 106, 108, 109, 110, 119, 127, 128], "excluded_lines": []}, "find_pharmacies": {"executed_lines": [], "summary": {"covered_lines": 0, "num_statements": 20, "percent_covered": 0.0, "percent_covered_display": "0", "missing_lines": 20, "excluded_lines": 0}, "missing_lines": [133, 134, 139, 140, 142, 143, 145, 146, 148, 149, 150, 152, 164, 165, 167, 168, 169, 178, 186, 187], "excluded_lines": []}, "": {"executed_lines": [], "summary": {"covered_lines": 0, "num_statements": 7, "percent_covered": 0.0, "percent_covered_display": "0", "missing_lines": 7, "excluded_lines": 0}, "missing_lines": [2, 3, 4, 8, 11, 72, 131], "excluded_lines": []}}, "classes": {"": {"executed_lines": [], "summary": {"covered_lines": 0, "num_statements": 67, "percent_covered": 0.0, "percent_covered_display": "0", "missing_lines": 67, "excluded_lines": 0}, "missing_lines": [2, 3, 4, 8, 11, 14, 15, 20, 21, 23, 24, 26, 27, 29, 30, 31, 34, 46, 47, 49, 50, 51, 60, 68, 69, 72, 74, 75, 80, 81, 83, 84, 86, 87, 89, 90, 91, 93, 105, 106, 108, 109, 110, 119, 127, 128, 131, 133, 134, 139, 140, 142, 143, 145, 146, 148, 149, 150, 152, 164, 165, 167, 168, 169, 178, 186, 187], "excluded_lines": []}}}, "gov_uk_mcp/tools/parliamentary_questions.py": {"executed_lines": [], "summary": {"covered_lines": 0, "num_statements": 65, "percent_covered": 0.0, "percent_covered_display": "0", "missing_lines": 65, "excluded_lines": 0}, "missing_lines": [2, 3, 4, 7, 10, 19, 20, 21, 23, 24, 25, 27, 28, 30, 32, 33, 39, 40, 42, 43, 45, 50, 51, 53, 55, 56, 58, 59, 60, 71, 80, 81, 84, 86, 87, 92, 93, 95, 96, 97, 99, 114, 115, 118, 120, 122, 123, 124, 126, 127, 129, 130, 132, 133, 138, 139, 141, 143, 144, 146, 147, 148, 158, 168, 169], "excluded_lines": [], "functions": {"search_questions": {"executed_lines": [], "summary": {"covered_lines": 0, "num_statements": 27, "percent_covered": 0.0, "percent_covered_display": "0", "missing_lines": 27, "excluded_lines": 0}, "missing_lines": [19, 20, 21, 23, 24, 25, 27, 28, 30, 32, 33, 39, 40, 42, 43, 45, 50, 51, 53, 55, 56, 58, 59, 60, 71, 80, 81], "excluded_lines": []}, "get_question_by_id": {"executed_lines": [], "summary": {"covered_lines": 0, "num_statements": 10, "percent_covered": 0.0, "percent_covered_display": "0", "missing_lines": 10, "excluded_lines": 0}, "missing_lines": [86, 87, 92, 93, 95, 96, 97, 99, 114, 115], "excluded_lines": []}, "get_questions_by_mp": {"executed_lines": [], "summary": {"covered_lines": 0, "num_statements": 21, "percent_covered": 0.0, "percent_covered_display": "0", "missing_lines": 21, "excluded_lines": 0}, "missing_lines": [120, 122, 123, 124, 126, 127, 129, 130, 132, 133, 138, 139, 141, 143, 144, 146, 147, 148, 158, 168, 169], "excluded_lines": []}, "": {"executed_lines": [], "summary": {"covered_lines": 0, "num_statements": 7, "percent_covered": 0.0, "percent_covered_display": "0", "missing_lines": 7, "excluded_lines": 0}, "missing_lines": [2, 3, 4, 7, 10, 84, 118], "excluded_lines": []}}, "classes": {"": {"executed_lines": [], "summary": {"covered_lines": 0, "num_statements": 65, "percent_covered": 0.0, "percent_covered_display": "0", "missing_lines": 65, "excluded_lines": 0}, "missing_lines": [2, 3, 4, 7, 10, 19, 20, 21, 23, 24, 25, 27, 28, 30, 32, 33, 39, 40, 42, 43, 45, 50, 51, 53, 55, 56, 58, 59, 60, 71, 80, 81, 84, 86, 87, 92, 93, 95, 96, 97, 99, 114, 115, 118, 120, 122, 123, 124, 126, 127, 129, 130, 132, 133, 138, 139, 141, 143, 144, 146, 147, 148, 158, 168, 169], "excluded_lines": []}}}, "gov_uk_mcp/tools/police_crime.py": {"executed_lines": [], "summary": {"covered_lines": 0, "num_statements": 64, "percent_covered": 0.0, "percent_covered_display": "0", "missing_lines": 64, "excluded_lines": 0}, "missing_lines": [2, 3, 4, 7, 10, 12, 13, 14, 15, 17, 18, 19, 20, 22, 27, 28, 30, 31, 33, 34, 35, 43, 51, 52, 55, 57, 58, 59, 60, 63, 64, 69, 70, 72, 73, 75, 76, 78, 79, 80, 82, 84, 85, 88, 90, 91, 92, 93, 95, 96, 97, 102, 108, 109, 112, 114, 115, 117, 118, 120, 121, 123, 134, 135], "excluded_lines": [], "functions": {"get_street_crime": {"executed_lines": [], "summary": {"covered_lines": 0, "num_statements": 19, "percent_covered": 0.0, "percent_covered_display": "0", "missing_lines": 19, "excluded_lines": 0}, "missing_lines": [12, 13, 14, 15, 17, 18, 19, 20, 22, 27, 28, 30, 31, 33, 34, 35, 43, 51, 52], "excluded_lines": []}, "get_crime_by_postcode": {"executed_lines": [], "summary": {"covered_lines": 0, "num_statements": 18, "percent_covered": 0.0, "percent_covered_display": "0", "missing_lines": 18, "excluded_lines": 0}, "missing_lines": [57, 58, 59, 60, 63, 64, 69, 70, 72, 73, 75, 76, 78, 79, 80, 82, 84, 85], "excluded_lines": []}, "get_police_forces": {"executed_lines": [], "summary": {"covered_lines": 0, "num_statements": 10, "percent_covered": 0.0, "percent_covered_display": "0", "missing_lines": 10, "excluded_lines": 0}, "missing_lines": [90, 91, 92, 93, 95, 96, 97, 102, 108, 109], "excluded_lines": []}, "get_force_details": {"executed_lines": [], "summary": {"covered_lines": 0, "num_statements": 9, "percent_covered": 0.0, "percent_covered_display": "0", "missing_lines": 9, "excluded_lines": 0}, "missing_lines": [114, 115, 117, 118, 120, 121, 123, 134, 135], "excluded_lines": []}, "": {"executed_lines": [], "summary": {"covered_lines": 0, "num_statements": 8, "percent_covered": 0.0, "percent_covered_display": "0", "missing_lines": 8, "excluded_lines": 0}, "missing_lines": [2, 3, 4, 7, 10, 55, 88, 112], "excluded_lines": []}}, "classes": {"": {"executed_lines": [], "summary": {"covered_lines": 0, "num_statements": 64, "percent_covered": 0.0, "percent_covered_display": "0", "missing_lines": 64, "excluded_lines": 0}, "missing_lines": [2, 3, 4, 7, 10, 12, 13, 14, 15, 17, 18, 19, 20, 22, 27, 28, 30, 31, 33, 34, 35, 43, 51, 52, 55, 57, 58, 59, 60, 63, 64, 69, 70, 72, 73, 75, 76, 78, 79, 80, 82, 84, 85, 88, 90, 91, 92, 93, 95, 96, 97, 102, 108, 109, 112, 114, 115, 117, 118, 120, 121, 123, 134, 135], "excluded_lines": []}}}, "gov_uk_mcp/tools/postcode.py": {"executed_lines": [1, 2, 3, 4, 7, 10, 12, 13, 14, 15, 17, 18, 23, 24, 26, 27, 29, 30, 32, 34, 58, 60, 61, 64, 66, 67, 68, 69, 71, 72, 78, 79, 81, 82, 84, 85, 87, 88, 89, 97, 104, 105], "summary": {"covered_lines": 41, "num_statements": 41, "percent_covered": 100.0, "percent_covered_display": "100", "missing_lines": 0, "excluded_lines": 0}, "missing_lines": [], "excluded_lines": [], "functions": {"lookup_postcode": {"executed_lines": [12, 13, 14, 15, 17, 18, 23, 24, 26, 27, 29, 30, 32, 34, 58, 60, 61], "summary": {"covered_lines": 17, "num_statements": 17, "percent_covered": 100.0, "percent_covered_display": "100", "missing_lines": 0, "excluded_lines": 0}, "missing_lines": [], "excluded_lines": []}, "nearest_postcodes": {"executed_lines": [66, 67, 68, 69, 71, 72, 78, 79, 81, 82, 84, 85, 87, 88, 89, 97, 104, 105], "summary": {"covered_lines": 18, "num_statements": 18, "percent_covered": 100.0, "percent_covered_display": "100", "missing_lines": 0, "excluded_lines": 0}, "missing_lines": [], "excluded_lines": []}, "": {"executed_lines": [1, 2, 3, 4, 7, 10, 64], "summary": {"covered_lines": 6, "num_statements": 6, "percent_covered": 100.0, "percent_covered_display": "100", "missing_lines": 0, "excluded_lines": 0}, "missing_lines": [], "excluded_lines": []}}, "classes": {"": {"executed_lines": [1, 2, 3, 4, 7, 10, 12, 13, 14, 15, 17, 18, 23, 24, 26, 27, 29, 30, 32, 34, 58, 60, 61, 64, 66, 67, 68, 69, 71, 72, 78, 79, 81, 82, 84, 85, 87, 88, 89, 97, 104, 105], "summary": {"covered_lines": 41, "num_statements": 41, "percent_covered": 100.0, "percent_covered_display": "100", "missing_lines": 0, "excluded_lines": 0}, "missing_lines": [], "excluded_lines": []}}}, "gov_uk_mcp/tools/schools.py": {"executed_lines": [], "summary": {"covered_lines": 0, "num_statements": 9, "percent_covered": 0.0, "percent_covered_display": "0", "missing_lines": 9, "excluded_lines": 0}, "missing_lines": [2, 6, 9, 15, 16, 18, 20, 31, 36], "excluded_lines": [], "functions": {"find_schools": {"executed_lines": [], "summary": {"covered_lines": 0, "num_statements": 4, "percent_covered": 0.0, "percent_covered_display": "0", "missing_lines": 4, "excluded_lines": 0}, "missing_lines": [15, 16, 18, 20], "excluded_lines": []}, "get_school_by_urn": {"executed_lines": [], "summary": {"covered_lines": 0, "num_statements": 1, "percent_covered": 0.0, "percent_covered_display": "0", "missing_lines": 1, "excluded_lines": 0}, "missing_lines": [36], "excluded_lines": []}, "": {"executed_lines": [], "summary": {"covered_lines": 0, "num_statements": 4, "percent_covered": 0.0, "percent_covered_display": "0", "missing_lines": 4, "excluded_lines": 0}, "missing_lines": [2, 6, 9, 31], "excluded_lines": []}}, "classes": {"": {"executed_lines": [], "summary": {"covered_lines": 0, "num_statements": 9, "percent_covered": 0.0, "percent_covered_display": "0", "missing_lines": 9, "excluded_lines": 0}, "missing_lines": [2, 6, 9, 15, 16, 18, 20, 31, 36], "excluded_lines": []}}}, "gov_uk_mcp/tools/search.py": {"executed_lines": [], "summary": {"covered_lines": 0, "num_statements": 19, "percent_covered": 0.0, "percent_covered_display": "0", "missing_lines": 19, "excluded_lines": 0}, "missing_lines": [2, 3, 4, 7, 10, 17, 18, 19, 20, 22, 23, 29, 30, 32, 33, 34, 44, 53, 54], "excluded_lines": [], "functions": {"search_govuk": {"executed_lines": [], "summary": {"covered_lines": 0, "num_statements": 14, "percent_covered": 0.0, "percent_covered_display": "0", "missing_lines": 14, "excluded_lines": 0}, "missing_lines": [17, 18, 19, 20, 22, 23, 29, 30, 32, 33, 34, 44, 53, 54], "excluded_lines": []}, "": {"executed_lines": [], "summary": {"covered_lines": 0, "num_statements": 5, "percent_covered": 0.0, "percent_covered_display": "0", "missing_lines": 5, "excluded_lines": 0}, "missing_lines": [2, 3, 4, 7, 10], "excluded_lines": []}}, "classes": {"": {"executed_lines": [], "summary": {"covered_lines": 0, "num_statements": 19, "percent_covered": 0.0, "percent_covered_display": "0", "missing_lines": 19, "excluded_lines": 0}, "missing_lines": [2, 3, 4, 7, 10, 17, 18, 19, 20, 22, 23, 29, 30, 32, 33, 34, 44, 53, 54], "excluded_lines": []}}}, "gov_uk_mcp/tools/transport.py": {"executed_lines": [], "summary": {"covered_lines": 0, "num_statements": 58, "percent_covered": 0.0, "percent_covered_display": "0", "missing_lines": 58, "excluded_lines": 0}, "missing_lines": [2, 3, 4, 5, 8, 11, 13, 15, 16, 17, 18, 20, 25, 26, 28, 29, 30, 31, 38, 44, 45, 48, 50, 52, 53, 54, 55, 57, 63, 64, 66, 67, 69, 70, 72, 73, 74, 76, 85, 86, 89, 91, 93, 94, 95, 96, 98, 104, 105, 107, 108, 110, 111, 112, 122, 124, 131, 132], "excluded_lines": [], "functions": {"get_tube_status": {"executed_lines": [], "summary": {"covered_lines": 0, "num_statements": 15, "percent_covered": 0.0, "percent_covered_display": "0", "missing_lines": 15, "excluded_lines": 0}, "missing_lines": [13, 15, 16, 17, 18, 20, 25, 26, 28, 29, 30, 31, 38, 44, 45], "excluded_lines": []}, "get_line_status": {"executed_lines": [], "summary": {"covered_lines": 0, "num_statements": 18, "percent_covered": 0.0, "percent_covered_display": "0", "missing_lines": 18, "excluded_lines": 0}, "missing_lines": [50, 52, 53, 54, 55, 57, 63, 64, 66, 67, 69, 70, 72, 73, 74, 76, 85, 86], "excluded_lines": []}, "get_station_arrivals": {"executed_lines": [], "summary": {"covered_lines": 0, "num_statements": 17, "percent_covered": 0.0, "percent_covered_display": "0", "missing_lines": 17, "excluded_lines": 0}, "missing_lines": [91, 93, 94, 95, 96, 98, 104, 105, 107, 108, 110, 111, 112, 122, 124, 131, 132], "excluded_lines": []}, "": {"executed_lines": [], "summary": {"covered_lines": 0, "num_statements": 8, "percent_covered": 0.0, "percent_covered_display": "0", "missing_lines": 8, "excluded_lines": 0}, "missing_lines": [2, 3, 4, 5, 8, 11, 48, 89], "excluded_lines": []}}, "classes": {"": {"executed_lines": [], "summary": {"covered_lines": 0, "num_statements": 58, "percent_covered": 0.0, "percent_covered_display": "0", "missing_lines": 58, "excluded_lines": 0}, "missing_lines": [2, 3, 4, 5, 8, 11, 13, 15, 16, 17, 18, 20, 25, 26, 28, 29, 30, 31, 38, 44, 45, 48, 50, 52, 53, 54, 55, 57, 63, 64, 66, 67, 69, 70, 72, 73, 74, 76, 85, 86, 89, 91, 93, 94, 95, 96, 98, 104, 105, 107, 108, 110, 111, 112, 122, 124, 131, 132], "excluded_lines": []}}}, "gov_uk_mcp/tools/voting.py": {"executed_lines": [], "summary": {"covered_lines": 0, "num_statements": 88, "percent_covered": 0.0, "percent_covered_display": "0", "missing_lines": 88, "excluded_lines": 0}, "missing_lines": [2, 3, 4, 5, 8, 11, 20, 22, 24, 25, 26, 28, 29, 31, 33, 35, 36, 38, 41, 43, 44, 49, 50, 52, 53, 56, 57, 58, 59, 60, 64, 66, 67, 69, 81, 82, 85, 87, 88, 93, 94, 96, 99, 100, 101, 102, 103, 104, 105, 106, 108, 110, 111, 114, 116, 118, 123, 124, 126, 129, 131, 137, 138, 139, 141, 142, 143, 153, 154, 156, 157, 160, 162, 170, 171, 174, 176, 177, 182, 183, 185, 186, 188, 189, 190, 199, 207, 208], "excluded_lines": [], "functions": {"get_voting_record": {"executed_lines": [], "summary": {"covered_lines": 0, "num_statements": 12, "percent_covered": 0.0, "percent_covered_display": "0", "missing_lines": 12, "excluded_lines": 0}, "missing_lines": [20, 22, 24, 25, 26, 28, 29, 31, 33, 35, 36, 38], "excluded_lines": []}, "get_specific_vote": {"executed_lines": [], "summary": {"covered_lines": 0, "num_statements": 17, "percent_covered": 0.0, "percent_covered_display": "0", "missing_lines": 17, "excluded_lines": 0}, "missing_lines": [43, 44, 49, 50, 52, 53, 56, 57, 58, 59, 60, 64, 66, 67, 69, 81, 82], "excluded_lines": []}, "_fetch_division_details": {"executed_lines": [], "summary": {"covered_lines": 0, "num_statements": 16, "percent_covered": 0.0, "percent_covered_display": "0", "missing_lines": 16, "excluded_lines": 0}, "missing_lines": [87, 88, 93, 94, 96, 99, 100, 101, 102, 103, 104, 105, 106, 108, 110, 111], "excluded_lines": []}, "get_recent_votes": {"executed_lines": [], "summary": {"covered_lines": 0, "num_statements": 21, "percent_covered": 0.0, "percent_covered_display": "0", "missing_lines": 21, "excluded_lines": 0}, "missing_lines": [116, 118, 123, 124, 126, 129, 131, 137, 138, 139, 141, 142, 143, 153, 154, 156, 157, 160, 162, 170, 171], "excluded_lines": []}, "search_divisions": {"executed_lines": [], "summary": {"covered_lines": 0, "num_statements": 12, "percent_covered": 0.0, "percent_covered_display": "0", "missing_lines": 12, "excluded_lines": 0}, "missing_lines": [176, 177, 182, 183, 185, 186, 188, 189, 190, 199, 207, 208], "excluded_lines": []}, "": {"executed_lines": [], "summary": {"covered_lines": 0, "num_statements": 10, "percent_covered": 0.0, "percent_covered_display": "0", "missing_lines": 10, "excluded_lines": 0}, "missing_lines": [2, 3, 4, 5, 8, 11, 41, 85, 114, 174], "excluded_lines": []}}, "classes": {"": {"executed_lines": [], "summary": {"covered_lines": 0, "num_statements": 88, "percent_covered": 0.0, "percent_covered_display": "0", "missing_lines": 88, "excluded_lines": 0}, "missing_lines": [2, 3, 4, 5, 8, 11, 20, 22, 24, 25, 26, 28, 29, 31, 33, 35, 36, 38, 41, 43, 44, 49, 50, 52, 53, 56, 57, 58, 59, 60, 64, 66, 67, 69, 81, 82, 85, 87, 88, 93, 94, 96, 99, 100, 101, 102, 103, 104, 105, 106, 108, 110, 111, 114, 116, 118, 123, 124, 126, 129, 131, 137, 138, 139, 141, 142, 143, 153, 154, 156, 157, 160, 162, 170, 171, 174, 176, 177, 182, 183, 185, 186, 188, 189, 190, 199, 207, 208], "excluded_lines": []}}}, "gov_uk_mcp/validation.py": {"executed_lines": [1, 2, 3, 4, 7, 8, 9, 12, 21, 22, 23, 24, 25, 27, 28, 29, 30, 31, 32, 35, 36, 38, 41, 42, 46, 50, 53, 55, 56, 68, 69, 71, 73, 74, 76, 77, 79, 81, 82, 94, 95, 97, 99, 100, 102, 104, 105, 117, 118, 120, 123, 124, 126, 127, 129, 131, 132, 145, 146, 147, 148, 149, 151, 152, 154, 155, 157, 159, 160, 175, 176, 179, 182, 184, 185, 187, 189, 190, 203, 204, 207, 209, 210, 212], "summary": {"covered_lines": 81, "num_statements": 83, "percent_covered": 97.59036144578313, "percent_covered_display": "98", "missing_lines": 2, "excluded_lines": 0}, "missing_lines": [26, 34], "excluded_lines": [], "functions": {"sanitize_api_error": {"executed_lines": [21, 22, 23, 24, 25, 27, 28, 29, 30, 31, 32, 35, 36, 38], "summary": {"covered_lines": 14, "num_statements": 16, "percent_covered": 87.5, "percent_covered_display": "88", "missing_lines": 2, "excluded_lines": 0}, "missing_lines": [26, 34], "excluded_lines": []}, "InputValidator.validate_uk_registration": {"executed_lines": [68, 69, 71, 73, 74, 76, 77, 79], "summary": {"covered_lines": 8, "num_statements": 8, "percent_covered": 100.0, "percent_covered_display": "100", "missing_lines": 0, "excluded_lines": 0}, "missing_lines": [], "excluded_lines": []}, "InputValidator.validate_uk_postcode": {"executed_lines": [94, 95, 97, 99, 100, 102], "summary": {"covered_lines": 6, "num_statements": 6, "percent_covered": 100.0, "percent_covered_display": "100", "missing_lines": 0, "excluded_lines": 0}, "missing_lines": [], "excluded_lines": []}, "InputValidator.validate_company_number": {"executed_lines": [117, 118, 120, 123, 124, 126, 127, 129], "summary": {"covered_lines": 8, "num_statements": 8, "percent_covered": 100.0, "percent_covered_display": "100", "missing_lines": 0, "excluded_lines": 0}, "missing_lines": [], "excluded_lines": []}, "InputValidator.validate_coordinates": {"executed_lines": [145, 146, 147, 148, 149, 151, 152, 154, 155, 157], "summary": {"covered_lines": 10, "num_statements": 10, "percent_covered": 100.0, "percent_covered_display": "100", "missing_lines": 0, "excluded_lines": 0}, "missing_lines": [], "excluded_lines": []}, "InputValidator.sanitize_query": {"executed_lines": [175, 176, 179, 182, 184, 185, 187], "summary": {"covered_lines": 7, "num_statements": 7, "percent_covered": 100.0, "percent_covered_display": "100", "missing_lines": 0, "excluded_lines": 0}, "missing_lines": [], "excluded_lines": []}, "InputValidator.validate_date_format": {"executed_lines": [203, 204, 207, 209, 210, 212], "summary": {"covered_lines": 6, "num_statements": 6, "percent_covered": 100.0, "percent_covered_display": "100", "missing_lines": 0, "excluded_lines": 0}, "missing_lines": [], "excluded_lines": []}, "": {"executed_lines": [1, 2, 3, 4, 7, 8, 9, 12, 41, 42, 46, 50, 53, 55, 56, 81, 82, 104, 105, 131, 132, 159, 160, 189, 190], "summary": {"covered_lines": 22, "num_statements": 22, "percent_covered": 100.0, "percent_covered_display": "100", "missing_lines": 0, "excluded_lines": 0}, "missing_lines": [], "excluded_lines": []}}, "classes": {"ValidationError": {"executed_lines": [], "summary": {"covered_lines": 0, "num_statements": 0, "percent_covered": 100.0, "percent_covered_display": "100", "missing_lines": 0, "excluded_lines": 0}, "missing_lines": [], "excluded_lines": []}, "InputValidator": {"executed_lines": [68, 69, 71, 73, 74, 76, 77, 79, 94, 95, 97, 99, 100, 102, 117, 118, 120, 123, 124, 126, 127, 129, 145, 146, 147, 148, 149, 151, 152, 154, 155, 157, 175, 176, 179, 182, 184, 185, 187, 203, 204, 207, 209, 210, 212], "summary": {"covered_lines": 45, "num_statements": 45, "percent_covered": 100.0, "percent_covered_display": "100", "missing_lines": 0, "excluded_lines": 0}, "missing_lines": [], "excluded_lines": []}, "": {"executed_lines": [1, 2, 3, 4, 7, 8, 9, 12, 21, 22, 23, 24, 25, 27, 28, 29, 30, 31, 32, 35, 36, 38, 41, 42, 46, 50, 53, 55, 56, 81, 82, 104, 105, 131, 132, 159, 160, 189, 190], "summary": {"covered_lines": 36, "num_statements": 38, "percent_covered": 94.73684210526316, "percent_covered_display": "95", "missing_lines": 2, "excluded_lines": 0}, "missing_lines": [26, 34], "excluded_lines": []}}}}, "totals": {"covered_lines": 333, "num_statements": 1222, "percent_covered": 27.25040916530278, "percent_covered_display": "27", "missing_lines": 889, "excluded_lines": 3}}